MPASM  5.51                      SLEEPWDT.ASM   11-6-2017  22:39:55         PAGE  1


LOC  OBJECT CODE     LINE SOURCE TEXT
  VALUE

                      00001 ;* * * * * * * * * * * * * * * * * * * * * * * * * * * * * * * * * *
                      00002 ;*              MODIFICAÇÕES PARA USO COM 12F675                   *
                      00003 ;*                FEITAS PELO PROF. MARDSON                        *
                      00004 ;*                    FEVEREIRO DE 2016                            *
                      00005 ;* * * * * * * * * * * * * * * * * * * * * * * * * * * * * * * * * *
                      00006 
                      00007 ;* * * * * * * * * * * * * * * * * * * * * * * * * * * * * * * * * *
                      00008 ;*                       NOME DO PROJETO                           *
                      00009 ;*                           CLIENTE                               *
                      00010 ;*         DESENVOLVIDO PELA MOSAICO ENGENHARIA E CONSULTORIA      *
                      00011 ;*   VERSÃO: 1.0                           DATA: 17/06/03          *
                      00012 ;* * * * * * * * * * * * * * * * * * * * * * * * * * * * * * * * * *
                      00013 ;*                     DESCRIÇÃO DO ARQUIVO                        *
                      00014 ;*-----------------------------------------------------------------*
                      00015 ;*   MODELO PARA O PIC 12F675                                      *
                      00016 ;*                                                                 *
                      00017 ;*                                                                 *
                      00018 ;* * * * * * * * * * * * * * * * * * * * * * * * * * * * * * * * * *
                      00019 
                      00020 ;* * * * * * * * * * * * * * * * * * * * * * * * * * * * * * * * * *
                      00021 ;*                     ARQUIVOS DE DEFINIÇÕES                      *
                      00022 ;* * * * * * * * * * * * * * * * * * * * * * * * * * * * * * * * * *
                      00023 #INCLUDE <P12F675.INC>  ;ARQUIVO PADRÃO MICROCHIP PARA 12F675
                      00001         LIST
                      00002 
                      00003 ;==========================================================================
                      00004 ;  MPASM PIC12F675 processor include
                      00005 ; 
                      00006 ;  (c) Copyright 1999-2013 Microchip Technology, All rights reserved
                      00007 ;==========================================================================
                      00008 
                      00366         LIST
                      00024 
2007   3FAD           00025         __CONFIG _BODEN_OFF & _CP_OFF & _PWRTE_ON & _WDT_ON & _MCLRE_ON & _INTRC_OSC_CLKOUT
                      00026 
                      00027 ;* * * * * * * * * * * * * * * * * * * * * * * * * * * * * * * * * *
                      00028 ;*                    PAGINAÇÃO DE MEMÓRIA                         *
                      00029 ;* * * * * * * * * * * * * * * * * * * * * * * * * * * * * * * * * *
                      00030 ;DEFINIÇÃO DE COMANDOS DE USUÁRIO PARA ALTERAÇÃO DA PÁGINA DE MEMÓRIA
                      00031 #DEFINE BANK0   BCF STATUS,RP0  ;SETA BANK 0 DE MEMÓRIA
                      00032 #DEFINE BANK1   BSF STATUS,RP0  ;SETA BANK 1 DE MAMÓRIA
                      00033 
                      00034 ;* * * * * * * * * * * * * * * * * * * * * * * * * * * * * * * * * *
                      00035 ;*                         VARIÁVEIS                               *
                      00036 ;* * * * * * * * * * * * * * * * * * * * * * * * * * * * * * * * * *
                      00037 ; DEFINIÇÃO DOS NOMES E ENDEREÇOS DE TODAS AS VARIÁVEIS UTILIZADAS 
                      00038 ; PELO SISTEMA
                      00039 
                      00040         CBLOCK  0x20    ;ENDEREÇO INICIAL DA MEMÓRIA DE
                      00041                                         ;USUÁRIO
  00000020            00042                 W_TEMP          ;REGISTRADORES TEMPORÁRIOS PARA USO
  00000021            00043                 STATUS_TEMP     ;JUNTO ÀS INTERRUPÇÕES
                      00044 
MPASM  5.51                      SLEEPWDT.ASM   11-6-2017  22:39:55         PAGE  2


LOC  OBJECT CODE     LINE SOURCE TEXT
  VALUE

                      00045                 ;NOVAS VARIÁVEIS
                      00046 
                      00047         ENDC                    ;FIM DO BLOCO DE MEMÓRIA
                      00048 ;* * * * * * * * * * * * * * * * * * * * * * * * * * * * * * * * * *
                      00049 ;*                        FLAGS INTERNOS                           *
                      00050 ;* * * * * * * * * * * * * * * * * * * * * * * * * * * * * * * * * *
                      00051 ; DEFINIÇÃO DE TODOS OS FLAGS UTILIZADOS PELO SISTEMA
                      00052 
                      00053 ;* * * * * * * * * * * * * * * * * * * * * * * * * * * * * * * * * *
                      00054 ;*                         CONSTANTES                              *
                      00055 ;* * * * * * * * * * * * * * * * * * * * * * * * * * * * * * * * * *
                      00056 ; DEFINIÇÃO DE TODAS AS CONSTANTES UTILIZADAS PELO SISTEMA
                      00057 
                      00058 ;* * * * * * * * * * * * * * * * * * * * * * * * * * * * * * * * * *
                      00059 ;*                           ENTRADAS                              *
                      00060 ;* * * * * * * * * * * * * * * * * * * * * * * * * * * * * * * * * *
                      00061 ; DEFINIÇÃO DE TODOS OS PINOS QUE SERÃO UTILIZADOS COMO ENTRADA
                      00062 ; RECOMENDAMOS TAMBÉM COMENTAR O SIGNIFICADO DE SEUS ESTADOS (0 E 1)
                      00063 
                      00064 ;* * * * * * * * * * * * * * * * * * * * * * * * * * * * * * * * * *
                      00065 ;*                           SAÍDAS                                *
                      00066 ;* * * * * * * * * * * * * * * * * * * * * * * * * * * * * * * * * *
                      00067 ; DEFINIÇÃO DE TODOS OS PINOS QUE SERÃO UTILIZADOS COMO SAÍDA
                      00068 ; RECOMENDAMOS TAMBÉM COMENTAR O SIGNIFICADO DE SEUS ESTADOS (0 E 1)
                      00069 
                      00070 ;* * * * * * * * * * * * * * * * * * * * * * * * * * * * * * * * * *
                      00071 ;*                       VETOR DE RESET                            *
                      00072 ;* * * * * * * * * * * * * * * * * * * * * * * * * * * * * * * * * *
                      00073 
0000                  00074         ORG     0x00                    ;ENDEREÇO INICIAL DE PROCESSAMENTO
0000   2824           00075         GOTO    INICIO
                      00076         
                      00077 ;* * * * * * * * * * * * * * * * * * * * * * * * * * * * * * * * * *
                      00078 ;*                    INÍCIO DA INTERRUPÇÃO                        *
                      00079 ;* * * * * * * * * * * * * * * * * * * * * * * * * * * * * * * * * *
                      00080 ; ENDEREÇO DE DESVIO DAS INTERRUPÇÕES. A PRIMEIRA TAREFA É SALVAR OS
                      00081 ; VALORES DE "W" E "STATUS" PARA RECUPERAÇÃO FUTURA
                      00082 
0004                  00083         ORG     0x04                    ;ENDEREÇO INICIAL DA INTERRUPÇÃO
0004   00A0           00084         MOVWF   W_TEMP          ;COPIA W PARA W_TEMP
0005   0E03           00085         SWAPF   STATUS,W
0006   00A1           00086         MOVWF   STATUS_TEMP     ;COPIA STATUS PARA STATUS_TEMP
                      00087 
                      00088 ;* * * * * * * * * * * * * * * * * * * * * * * * * * * * * * * * * *
                      00089 ;*                    ROTINA DE INTERRUPÇÃO                        *
                      00090 ;* * * * * * * * * * * * * * * * * * * * * * * * * * * * * * * * * *
                      00091 ; AQUI SERÁ ESCRITA AS ROTINAS DE RECONHECIMENTO E TRATAMENTO DAS
                      00092 ; INTERRUPÇÕES
                      00093 
                      00094 ;OPERAÇÃO DE LIGAR AS LUZES
                      00095 
                      00096 ;* * * * * * * * * * * * * * * * * * * * * * * * * * * * * * * * * *
                      00097 ;*                 ROTINA DE SAÍDA DA INTERRUPÇÃO                  *
MPASM  5.51                      SLEEPWDT.ASM   11-6-2017  22:39:55         PAGE  3


LOC  OBJECT CODE     LINE SOURCE TEXT
  VALUE

                      00098 ;* * * * * * * * * * * * * * * * * * * * * * * * * * * * * * * * * *
                      00099 ; OS VALORES DE "W" E "STATUS" DEVEM SER RECUPERADOS ANTES DE 
                      00100 ; RETORNAR DA INTERRUPÇÃO
                      00101 
0007                  00102 SAI_INT
0007   0E21           00103         SWAPF   STATUS_TEMP,W
0008   0083           00104         MOVWF   STATUS          ;MOVE STATUS_TEMP PARA STATUS
0009   0EA0           00105         SWAPF   W_TEMP,F
000A   0E20           00106         SWAPF   W_TEMP,W        ;MOVE W_TEMP PARA W
000B   0009           00107         RETFIE
                      00108 
                      00109 ;* * * * * * * * * * * * * * * * * * * * * * * * * * * * * * * * * *
                      00110 ;*                       ROTINAS E SUBROTINAS                      *
                      00111 ;* * * * * * * * * * * * * * * * * * * * * * * * * * * * * * * * * *
                      00112 ; CADA ROTINA OU SUBROTINA DEVE POSSUIR A DESCRIÇÃO DE FUNCIONAMENTO
                      00113 ; E UM NOME COERENTE ÀS SUAS FUNÇÕES.
                      00114 
000C                  00115 TIMER0
000C   1683           00116         BANK1
000D   3007           00117         MOVLW   B'00000111'
000E   3081           00118         MOVLW   OPTION_REG
000F   1283           00119         BANK0
                      00120 
0010   303C           00121         MOVLW   B'00111100'
0011   0081           00122         MOVWF   TMR0
                      00123 
0012                  00124 CHECK_TMR0
0012   1D0B           00125         BTFSS   INTCON, T0IF
0013   2812           00126         GOTO    CHECK_TMR0
                      00127         
0014   110B           00128         BCF             INTCON,T0IF
0015   0008           00129         RETURN
                      00130 
0016                  00131 LIGHTS
0016   1405           00132         BSF GPIO,GP0
0017   200C           00133         CALL TIMER0
0018   1005           00134         BCF GPIO,GP0
                      00135         
0019   1485           00136         BSF GPIO,GP1
001A   200C           00137         CALL TIMER0
001B   1085           00138         BCF GPIO,GP1
                      00139 
001C   1505           00140         BSF GPIO,GP2
001D   200C           00141         CALL TIMER0
001E   1105           00142         BCF GPIO,GP2
                      00143 
001F   1685           00144         BSF GPIO,GP5
0020   200C           00145         CALL TIMER0
0021   1285           00146         BCF GPIO,GP5
                      00147         
0022   0064           00148         CLRWDT
                      00149 
0023   0008           00150         RETURN
MPASM  5.51                      SLEEPWDT.ASM   11-6-2017  22:39:55         PAGE  4


LOC  OBJECT CODE     LINE SOURCE TEXT
  VALUE

                      00151 ;* * * * * * * * * * * * * * * * * * * * * * * * * * * * * * * * * *
                      00152 ;*                     INICIO DO PROGRAMA                          *
                      00153 ;* * * * * * * * * * * * * * * * * * * * * * * * * * * * * * * * * *
                      00154         
0024                  00155 INICIO
0024   1683           00156         BANK1                           ;ALTERA PARA O BANCO 1
0025   3000           00157         MOVLW   B'00000000' ;CONFIGURA TODAS AS PORTAS DO GPIO (PINOS)
Message[302]: Register in operand not in bank 0.  Ensure that bank bits are correct.
0026   0085           00158         MOVWF   TRISIO          ;COMO SAÍDAS
Message[302]: Register in operand not in bank 0.  Ensure that bank bits are correct.
0027   019F           00159         CLRF    ANSEL           ;DEFINE PORTAS COMO Digital I/O
0028   300F           00160         MOVLW   B'00001111'
Message[302]: Register in operand not in bank 0.  Ensure that bank bits are correct.
0029   0081           00161         MOVWF   OPTION_REG      ;DEFINE OPÇÕES DE OPERAÇÃO
002A   3000           00162         MOVLW   B'00000000'
002B   008B           00163         MOVWF   INTCON          ;DEFINE OPÇÕES DE INTERRUPÇÕES
002C   1283           00164         BANK0                           ;RETORNA PARA O BANCO
002D   3007           00165         MOVLW   B'00000111'
002E   0099           00166         MOVWF   CMCON           ;DEFINE O MODO DE OPERAÇÃO DO COMPARADOR ANALÓGICO
                      00167 
                      00168 ;* * * * * * * * * * * * * * * * * * * * * * * * * * * * * * * * * *
                      00169 ;*                     INICIALIZAÇÃO DAS VARIÁVEIS                 *
                      00170 ;* * * * * * * * * * * * * * * * * * * * * * * * * * * * * * * * * *
                      00171 
                      00172 ;* * * * * * * * * * * * * * * * * * * * * * * * * * * * * * * * * *
                      00173 ;*                     ROTINA PRINCIPAL                            *
                      00174 ;* * * * * * * * * * * * * * * * * * * * * * * * * * * * * * * * * *
002F                  00175 MAIN
                      00176 
                      00177         ;CORPO DA ROTINA PRINCIPAL
                      00178         ;ALGORITMO
                      00179         ;ENTRA EM SLEEP POR 2 SEG
                      00180         ;CHEGOU EM 2 SEGUNDOS? ESTOURA WDT
                      00181                 ;WDT VOLTA AO INICIO DO PROGRAMA
                      00182                 ;VERIFICA SE TMR1 OCORREU
                      00183                 ;SE NAO OCORREU VOLTA AO SLEEP, SENÃO:
                      00184                         ;REALIZA A FUNÇÃO
                      00185                                 ;LIGA E DESLIGA OS LEDS POR 50 MS (CADA UM) (MENOS O GP4)
                      00186                         ;VOLTA AO SLEEP
                      00187 
002F   1E03           00188         BTFSS   STATUS,NOT_TO ;ENTROU EM TIME-OUT
0030   2016           00189         CALL    LIGHTS
0031   0063           00190         SLEEP
0032   282F           00191         GOTO    MAIN
                      00192 
                      00193 ;* * * * * * * * * * * * * * * * * * * * * * * * * * * * * * * * * *
                      00194 ;*                       FIM DO PROGRAMA                           *
                      00195 ;* * * * * * * * * * * * * * * * * * * * * * * * * * * * * * * * * *
                      00196 
                      00197         END
MPASM  5.51                      SLEEPWDT.ASM   11-6-2017  22:39:55         PAGE  5


SYMBOL TABLE
  LABEL                             VALUE 

ADCON0                            0000001F
ADCS0                             00000004
ADCS1                             00000005
ADCS2                             00000006
ADFM                              00000007
ADIE                              00000006
ADIF                              00000006
ADON                              00000000
ADRESH                            0000001E
ADRESL                            0000009E
ANS0                              00000000
ANS1                              00000001
ANS2                              00000002
ANS3                              00000003
ANSEL                             0000009F
BANK0                             BCF STATUS,RP0
BANK1                             BSF STATUS,RP0
C                                 00000000
CAL0                              00000002
CAL1                              00000003
CAL2                              00000004
CAL3                              00000005
CAL4                              00000006
CAL5                              00000007
CHECK_TMR0                        00000012
CHS0                              00000002
CHS1                              00000003
CINV                              00000004
CIS                               00000003
CM0                               00000000
CM1                               00000001
CM2                               00000002
CMCON                             00000019
CMIE                              00000003
CMIF                              00000003
COUT                              00000006
DC                                00000001
EEADR                             0000009B
EECON1                            0000009C
EECON2                            0000009D
EEDAT                             0000009A
EEDATA                            0000009A
EEIE                              00000007
EEIF                              00000007
F                                 00000001
FSR                               00000004
GIE                               00000007
GO                                00000001
GO_DONE                           00000001
GO_NOT_DONE                       00000001
GP0                               00000000
GP1                               00000001
GP2                               00000002
MPASM  5.51                      SLEEPWDT.ASM   11-6-2017  22:39:55         PAGE  6


SYMBOL TABLE
  LABEL                             VALUE 

GP3                               00000003
GP4                               00000004
GP5                               00000005
GPIE                              00000003
GPIF                              00000000
GPIO                              00000005
GPIO0                             00000000
GPIO1                             00000001
GPIO2                             00000002
GPIO3                             00000003
GPIO4                             00000004
GPIO5                             00000005
INDF                              00000000
INICIO                            00000024
INTCON                            0000000B
INTE                              00000004
INTEDG                            00000006
INTF                              00000001
IOC                               00000096
IOC0                              00000000
IOC1                              00000001
IOC2                              00000002
IOC3                              00000003
IOC4                              00000004
IOC5                              00000005
IOCB                              00000096
IOCB0                             00000000
IOCB1                             00000001
IOCB2                             00000002
IOCB3                             00000003
IOCB4                             00000004
IOCB5                             00000005
IRP                               00000007
LIGHTS                            00000016
MAIN                              0000002F
NOT_BOD                           00000000
NOT_BOR                           00000000
NOT_DONE                          00000001
NOT_GPPU                          00000007
NOT_PD                            00000003
NOT_POR                           00000001
NOT_T1SYNC                        00000002
NOT_TO                            00000004
OPTION_REG                        00000081
OSCCAL                            00000090
PCL                               00000002
PCLATH                            0000000A
PCON                              0000008E
PEIE                              00000006
PIE1                              0000008C
PIR1                              0000000C
PS0                               00000000
PS1                               00000001
MPASM  5.51                      SLEEPWDT.ASM   11-6-2017  22:39:55         PAGE  7


SYMBOL TABLE
  LABEL                             VALUE 

PS2                               00000002
PSA                               00000003
RD                                00000000
RP0                               00000005
RP1                               00000006
SAI_INT                           00000007
STATUS                            00000003
STATUS_TEMP                       00000021
T0CS                              00000005
T0IE                              00000005
T0IF                              00000002
T0SE                              00000004
T1CKPS0                           00000004
T1CKPS1                           00000005
T1CON                             00000010
T1IE                              00000000
T1IF                              00000000
T1OSCEN                           00000003
TIMER0                            0000000C
TMR0                              00000001
TMR0IE                            00000005
TMR0IF                            00000002
TMR1                              0000000E
TMR1CS                            00000001
TMR1GE                            00000006
TMR1H                             0000000F
TMR1IE                            00000000
TMR1IF                            00000000
TMR1L                             0000000E
TMR1ON                            00000000
TRISIO                            00000085
TRISIO0                           00000000
TRISIO1                           00000001
TRISIO2                           00000002
TRISIO3                           00000003
TRISIO4                           00000004
TRISIO5                           00000005
VCFG                              00000006
VR0                               00000000
VR1                               00000001
VR2                               00000002
VR3                               00000003
VRCON                             00000099
VREN                              00000007
VRR                               00000005
W                                 00000000
WPU                               00000095
WPU0                              00000000
WPU1                              00000001
WPU2                              00000002
WPU4                              00000004
WPU5                              00000005
WR                                00000001
MPASM  5.51                      SLEEPWDT.ASM   11-6-2017  22:39:55         PAGE  8


SYMBOL TABLE
  LABEL                             VALUE 

WREN                              00000002
WRERR                             00000003
W_TEMP                            00000020
Z                                 00000002
_BODEN_OFF                        00003FBF
_BODEN_ON                         00003FFF
_BOREN_OFF                        00003FBF
_BOREN_ON                         00003FFF
_CONFIG                           00002007
_CPD_OFF                          00003FFF
_CPD_ON                           00003EFF
_CP_OFF                           00003FFF
_CP_ON                            00003F7F
_DEVID1                           00002006
_EC_OSC                           00003FFB
_EXTRC_OSC_CLKOUT                 00003FFF
_EXTRC_OSC_NOCLKOUT               00003FFE
_FOSC_EC                          00003FFB
_FOSC_EXTRCCLK                    00003FFF
_FOSC_EXTRCIO                     00003FFE
_FOSC_HS                          00003FFA
_FOSC_INTRCCLK                    00003FFD
_FOSC_INTRCIO                     00003FFC
_FOSC_LP                          00003FF8
_FOSC_XT                          00003FF9
_HS_OSC                           00003FFA
_IDLOC0                           00002000
_IDLOC1                           00002001
_IDLOC2                           00002002
_IDLOC3                           00002003
_INTRC_OSC_CLKOUT                 00003FFD
_INTRC_OSC_NOCLKOUT               00003FFC
_LP_OSC                           00003FF8
_MCLRE_OFF                        00003FDF
_MCLRE_ON                         00003FFF
_PWRTE_OFF                        00003FFF
_PWRTE_ON                         00003FEF
_WDTE_OFF                         00003FF7
_WDTE_ON                          00003FFF
_WDT_OFF                          00003FF7
_WDT_ON                           00003FFF
_XT_OSC                           00003FF9
__12F675                          00000001
__DEBUG                           1
MPASM  5.51                      SLEEPWDT.ASM   11-6-2017  22:39:55         PAGE  9


MEMORY USAGE MAP ('X' = Used,  '-' = Unused)


0000 : X---XXXXXXXXXXXX XXXXXXXXXXXXXXXX XXXXXXXXXXXXXXXX XXX-------------
2000 : -------X-------- ---------------- ---------------- ----------------

All other memory blocks unused.

Program Memory Words Used:    48
Program Memory Words Free:   976


Errors   :     0
Warnings :     0 reported,     0 suppressed
Messages :     3 reported,     0 suppressed

