MPASM  5.51                         TUNER.ASM   8-25-2017  11:11:18         PAGE  1


LOC  OBJECT CODE     LINE SOURCE TEXT
  VALUE

                      00001 ;* * * * * * * * * * * * * * * * * * * * * * * * * * * * * * * * * *
                      00002 ;*              MODIFICAÇÕES PARA USO COM 12F675                   *
                      00003 ;*                FEITAS PELO PROF. MARDSON                        *
                      00004 ;*                    FEVEREIRO DE 2016                            *
                      00005 ;* * * * * * * * * * * * * * * * * * * * * * * * * * * * * * * * * *
                      00006 
                      00007 ;* * * * * * * * * * * * * * * * * * * * * * * * * * * * * * * * * *
                      00008 ;*                       NOME DO PROJETO                           *
                      00009 ;*                           CLIENTE                               *
                      00010 ;*         DESENVOLVIDO PELA MOSAICO ENGENHARIA E CONSULTORIA      *
                      00011 ;*   VERSÃO: 1.0                           DATA: 17/06/03          *
                      00012 ;* * * * * * * * * * * * * * * * * * * * * * * * * * * * * * * * * *
                      00013 ;*                     DESCRIÇÃO DO ARQUIVO                        *
                      00014 ;*-----------------------------------------------------------------*
                      00015 ;*   MODELO PARA O PIC 12F675                                      *
                      00016 ;*                                                                 *
                      00017 ;*                                                                 *
                      00018 ;* * * * * * * * * * * * * * * * * * * * * * * * * * * * * * * * * *
                      00019 
                      00020 ;* * * * * * * * * * * * * * * * * * * * * * * * * * * * * * * * * *
                      00021 ;*                     ARQUIVOS DE DEFINIÇÕES                      *
                      00022 ;* * * * * * * * * * * * * * * * * * * * * * * * * * * * * * * * * *
                      00023 #INCLUDE <P12F675.INC>  ;ARQUIVO PADRÃO MICROCHIP PARA 12F675
                      00001         LIST
                      00002 
                      00003 ;==========================================================================
                      00004 ;  MPASM PIC12F675 processor include
                      00005 ; 
                      00006 ;  (c) Copyright 1999-2013 Microchip Technology, All rights reserved
                      00007 ;==========================================================================
                      00008 
                      00366         LIST
                      00024 
2007   3FA4           00025         __CONFIG _BODEN_OFF & _CP_OFF & _PWRTE_ON & _WDT_OFF & _MCLRE_ON & _INTRC_OSC_NOCLKOUT
                      00026 
                      00027 ;* * * * * * * * * * * * * * * * * * * * * * * * * * * * * * * * * *
                      00028 ;*                    PAGINAÇÃO DE MEMÓRIA                         *
                      00029 ;* * * * * * * * * * * * * * * * * * * * * * * * * * * * * * * * * *
                      00030 ;DEFINIÇÃO DE COMANDOS DE USUÁRIO PARA ALTERAÇÃO DA PÁGINA DE MEMÓRIA
                      00031 #DEFINE BANK0   BCF STATUS,RP0  ;SETA BANK 0 DE MEMÓRIA
                      00032 #DEFINE BANK1   BSF STATUS,RP0  ;SETA BANK 1 DE MAMÓRIA
                      00033 
                      00034 ;* * * * * * * * * * * * * * * * * * * * * * * * * * * * * * * * * *
                      00035 ;*                         VARIÁVEIS                               *
                      00036 ;* * * * * * * * * * * * * * * * * * * * * * * * * * * * * * * * * *
                      00037 ; DEFINIÇÃO DOS NOMES E ENDEREÇOS DE TODAS AS VARIÁVEIS UTILIZADAS 
                      00038 ; PELO SISTEMA
                      00039 
                      00040         CBLOCK  0x20    ;ENDEREÇO INICIAL DA MEMÓRIA DE
                      00041                                         ;USUÁRIO
  00000020            00042                 W_TEMP          ;REGISTRADORES TEMPORÁRIOS PARA USO
  00000021            00043                 STATUS_TEMP     ;JUNTO ÀS INTERRUPÇÕES
                      00044 
MPASM  5.51                         TUNER.ASM   8-25-2017  11:11:18         PAGE  2


LOC  OBJECT CODE     LINE SOURCE TEXT
  VALUE

                      00045                 ;NOVAS VARIÁVEIS
                      00046 
  00000022            00047                 CONTADOR        ;VARIAVEL Q RECEBE AS FREQUENCIAS (ATRIBUIÇÃO NO TMR0)
                      00048 
                      00049         ENDC                    ;FIM DO BLOCO DE MEMÓRIA
                      00050 ;* * * * * * * * * * * * * * * * * * * * * * * * * * * * * * * * * *
                      00051 ;*                        FLAGS INTERNOS                           *
                      00052 ;* * * * * * * * * * * * * * * * * * * * * * * * * * * * * * * * * *
                      00053 ; DEFINIÇÃO DE TODOS OS FLAGS UTILIZADOS PELO SISTEMA
                      00054 
                      00055 ;* * * * * * * * * * * * * * * * * * * * * * * * * * * * * * * * * *
                      00056 ;*                         CONSTANTES                              *
                      00057 ;* * * * * * * * * * * * * * * * * * * * * * * * * * * * * * * * * *
                      00058 ; DEFINIÇÃO DE TODAS AS CONSTANTES UTILIZADAS PELO SISTEMA
                      00059 
                      00060 ; VALORES PARA OS CONTADORES PARA O TMR0
  00000010            00061 FREQ1                   EQU                     .16                     ;CONTAR A 239
  0000004C            00062 FREQ2                   EQU                     .76                     ;CONTAR A 179
  00000071            00063 FREQ3                   EQU                     .113            ;CONTAR A 142
  00000087            00064 FREQ4                   EQU                     .135            ;CONTAR A 120
                      00065 
                      00066 ; VALOR DO OPTION_REG COM O PRESCALER 1:16
  00000003            00067 _PRE                    EQU                     B'00000011'
                      00068 
                      00069 ; VALOR DO INTCON PARA AS INTERRUPÇOES DO GPIO
  000000A8            00070 _INTERRUPCAO    EQU                     B'10101000'
                      00071 
                      00072 ; VALOR PARA OS IOC NA GPIO
  00000007            00073 _INTPORTAS              EQU                     B'00000111'
                      00074 
                      00075 ; VALOR PARA O TRISIO
  0000000F            00076 _INOUT                  EQU                     B'00001111'
                      00077 
                      00078 
                      00079 ;* * * * * * * * * * * * * * * * * * * * * * * * * * * * * * * * * *
                      00080 ;*                           ENTRADAS                              *
                      00081 ;* * * * * * * * * * * * * * * * * * * * * * * * * * * * * * * * * *
                      00082 ; DEFINIÇÃO DE TODOS OS PINOS QUE SERÃO UTILIZADOS COMO ENTRADA
                      00083 ; RECOMENDAMOS TAMBÉM COMENTAR O SIGNIFICADO DE SEUS ESTADOS (0 E 1)
                      00084 
                      00085 ; BOTÕES QUE DEFINIRÃO O COMPORTAMENTO DA SAIDA
                      00086 #DEFINE                 BOTAO_0         GPIO,0          ;0 --> OFF | 1 --> ON (DEPENDE DOS OUTROS BOTOES
                            )
                      00087 #DEFINE                 BOTAO_1         GPIO,1          ;0 --> FREQ 1 OR FREQ 2 | 1 --> FREQ3 OR FREQ 4 
                             
                      00088 #DEFINE                 BOTAO_2         GPIO,2          ;0 --> FREQ 1 OR FREQ 3 | 1 --> FREQ2 OR FREQ 4 
                             
                      00089 
                      00090 ;* * * * * * * * * * * * * * * * * * * * * * * * * * * * * * * * * *
                      00091 ;*                           SAÍDAS                                *
                      00092 ;* * * * * * * * * * * * * * * * * * * * * * * * * * * * * * * * * *
                      00093 ; DEFINIÇÃO DE TODOS OS PINOS QUE SERÃO UTILIZADOS COMO SAÍDA
                      00094 ; RECOMENDAMOS TAMBÉM COMENTAR O SIGNIFICADO DE SEUS ESTADOS (0 E 1)
MPASM  5.51                         TUNER.ASM   8-25-2017  11:11:18         PAGE  3


LOC  OBJECT CODE     LINE SOURCE TEXT
  VALUE

                      00095 
                      00096 #DEFINE                 SAIDA           GPIO,4          ;0 --> SINAL BAIXO |1 --> SINAL ALTO
                      00097 
                      00098 ;* * * * * * * * * * * * * * * * * * * * * * * * * * * * * * * * * *
                      00099 ;*                       VETOR DE RESET                            *
                      00100 ;* * * * * * * * * * * * * * * * * * * * * * * * * * * * * * * * * *
                      00101 
0000                  00102         ORG     0x00                    ;ENDEREÇO INICIAL DE PROCESSAMENTO
0000   2833           00103         GOTO    INICIO
                      00104         
                      00105 ;* * * * * * * * * * * * * * * * * * * * * * * * * * * * * * * * * *
                      00106 ;*                    INÍCIO DA INTERRUPÇÃO                        *
                      00107 ;* * * * * * * * * * * * * * * * * * * * * * * * * * * * * * * * * *
                      00108 ; ENDEREÇO DE DESVIO DAS INTERRUPÇÕES. A PRIMEIRA TAREFA É SALVAR OS
                      00109 ; VALORES DE "W" E "STATUS" PARA RECUPERAÇÃO FUTURA
                      00110 
0004                  00111         ORG     0x04                    ;ENDEREÇO INICIAL DA INTERRUPÇÃO
0004   00A0           00112         MOVWF   W_TEMP          ;COPIA W PARA W_TEMP
0005   0E03           00113         SWAPF   STATUS,W
0006   00A1           00114         MOVWF   STATUS_TEMP     ;COPIA STATUS PARA STATUS_TEMP
                      00115 
                      00116 ;* * * * * * * * * * * * * * * * * * * * * * * * * * * * * * * * * *
                      00117 ;*                    ROTINA DE INTERRUPÇÃO                        *
                      00118 ;* * * * * * * * * * * * * * * * * * * * * * * * * * * * * * * * * *
                      00119 ; AQUI SERÁ ESCRITA AS ROTINAS DE RECONHECIMENTO E TRATAMENTO DAS
                      00120 ; INTERRUPÇÕES
                      00121 
0007   190B           00122         BTFSC   INTCON,T0IF                     ;TIMER ESTOUROU? SE NÃO, FOI UM BOTÃO!
0008   2823           00123         GOTO    RESET_TIMER                     ;MUDA O FORMATO DE ONDA E REINICIA TMR0
                      00124 
0009   100B           00125         BCF             INTCON,GPIF                     ;LIMPA A FLAG DE APERTO DE BOTÃO
                      00126 
000A   1C05           00127         BTFSS   BOTAO_0                         ;SE O BOTAO 0 ESTIVER DESATIVADO, NÃO IMPORTA GP1 NEM GP
                            2
000B   2811           00128         GOTO    POWER_OFF
                      00129 ; ATÉ AQUI O COMANDO DO SINAL ESTÁ 1 - ? - ?
                      00130 
000C   1C85           00131         BTFSS   BOTAO_1                         ;VERIFICA SE O BOTÃO 1 ESTÁ ATIVADO ( 1 - 1 )
000D   2814           00132         GOTO    B1_DESATIVADO           ;SE PORTA_1 FOR ZERO, ENTÃO HÁ AS OPÇOES:
                      00133                                                                 ;FREQUENCIA 1 OU FREQUENCIA 2
                      00134 
                      00135 ; ATÉ AQUI O COMANDO DO SINAL ESTÁ 1 - 1 - ?
                      00136 
000E   1D05           00137         BTFSS   BOTAO_2                         
000F   281D           00138         GOTO    ON_FREQ3                                ; COMANDO --> 1 - 1 - 0 ---> FREQUENCIA 4
                      00139         
0010   2820           00140         GOTO    ON_FREQ4                                ; COMANDO --> 1 - 1 - 1 -->  FREQUENCIA 3
                      00141         
0011                  00142 POWER_OFF
                      00143         
0011   1205           00144         BCF             SAIDA
0012   110B           00145         BCF             INTCON,T0IF             ; LIMPA FLAG DE ESTOURO
0013   282E           00146         GOTO    SAI_INT
MPASM  5.51                         TUNER.ASM   8-25-2017  11:11:18         PAGE  4


LOC  OBJECT CODE     LINE SOURCE TEXT
  VALUE

                      00147  
0014                  00148 B1_DESATIVADO
                      00149 
0014   1D05           00150         BTFSS   BOTAO_2
0015   2817           00151         GOTO    ON_FREQ1                ; COMANDO 1 - 0 - 0
                      00152 
0016   281A           00153         GOTO    ON_FREQ2                ; COMANDO 1 - 0 - 1
                      00154 
                      00155 
                      00156 ;AS ROTINAS DE ATRIBUIÇÃO DE FREQUENCIA NÃO PODEM TER RETURN,
                      00157 ;SENÃO AO ATRIBUIR UMA FREQUENCIA, ASSIM QUE OCORRER A VOLTA AO CODIGO PODE OCORRER
                      00158 ;DE ATRIBUIR OUTRA FREQUENCIA EM SEGUIDA
                      00159  
0017                  00160 ON_FREQ1                                        ;PRIMEIRA ATRIBUIÇÃO AO TIMER0
                      00161 
0017   3010           00162         MOVLW   FREQ1                   
0018   00A2           00163         MOVWF   CONTADOR                ;VALOR QUE VAI PARA O TMR0
                      00164         
0019   2823           00165         GOTO    RESET_TIMER
                      00166         
                      00167 
001A                  00168 ON_FREQ2                                        ;PRIMEIRA ATRIBUIÇÃO AO TIMER0
                      00169 
001A   304C           00170         MOVLW   FREQ2                   
001B   00A2           00171         MOVWF   CONTADOR                ;VALOR QUE VAI PARA O TMR0
                      00172         
001C   2823           00173         GOTO    RESET_TIMER
                      00174         
                      00175 
001D                  00176 ON_FREQ3                                        ;PRIMEIRA ATRIBUIÇÃO AO TIMER0
                      00177 
001D   3071           00178         MOVLW   FREQ3                   
001E   00A2           00179         MOVWF   CONTADOR                ;VALOR QUE VAI PARA O TMR0
                      00180         
001F   2823           00181         GOTO    RESET_TIMER
                      00182         
                      00183 
0020                  00184 ON_FREQ4                                        ;PRIMEIRA ATRIBUIÇÃO AO TIMER0
                      00185 
0020   3087           00186         MOVLW   FREQ4                   
0021   00A2           00187         MOVWF   CONTADOR                ;VALOR QUE VAI PARA O TMR0
                      00188         
0022   2823           00189         GOTO    RESET_TIMER
                      00190         
                      00191 
                      00192 
0023                  00193 RESET_TIMER
                      00194 
0023   1C05           00195         BTFSS   BOTAO_0
0024   2811           00196         GOTO    POWER_OFF
                      00197 
0025   0822           00198         MOVFW   CONTADOR                ;POR PREUCAÇÃO, AO INVES DE MANDAR DO WORK DIRETO P/ O TMR0
0026   0081           00199         MOVWF   TMR0                    ;CONTADOR SEMPRE VAI GUARDAR O VALOR DA ULTIMA FREQUENCIA
MPASM  5.51                         TUNER.ASM   8-25-2017  11:11:18         PAGE  5


LOC  OBJECT CODE     LINE SOURCE TEXT
  VALUE

                      00200         
0027   110B           00201         BCF             INTCON,T0IF             ;CASO TIMER TENHA ESTOURADO
                      00202         
                      00203         ;INVERTE VALOR DA SAIDA ATUALMENTE
0028   1A05           00204         BTFSC   SAIDA
0029   282C           00205         GOTO    S_OFF
                      00206 
002A   1605           00207         BSF             SAIDA
                      00208 
002B   282E           00209         GOTO    SAI_INT
                      00210 
002C                  00211 S_OFF
002C   1205           00212         BCF             SAIDA
                      00213 
002D   282E           00214         GOTO    SAI_INT 
                      00215 ;* * * * * * * * * * * * * * * * * * * * * * * * * * * * * * * * * *
                      00216 ;*                 ROTINA DE SAÍDA DA INTERRUPÇÃO                  *
                      00217 ;* * * * * * * * * * * * * * * * * * * * * * * * * * * * * * * * * *
                      00218 ; OS VALORES DE "W" E "STATUS" DEVEM SER RECUPERADOS ANTES DE 
                      00219 ; RETORNAR DA INTERRUPÇÃO
                      00220 
002E                  00221 SAI_INT
002E   0E21           00222         SWAPF   STATUS_TEMP,W
002F   0083           00223         MOVWF   STATUS          ;MOVE STATUS_TEMP PARA STATUS
0030   0EA0           00224         SWAPF   W_TEMP,F
0031   0E20           00225         SWAPF   W_TEMP,W        ;MOVE W_TEMP PARA W
0032   0009           00226         RETFIE
                      00227 
                      00228 ;* * * * * * * * * * * * * * * * * * * * * * * * * * * * * * * * * *
                      00229 ;*                       ROTINAS E SUBROTINAS                              *
                      00230 ;* * * * * * * * * * * * * * * * * * * * * * * * * * * * * * * * * *
                      00231 ; CADA ROTINA OU SUBROTINA DEVE POSSUIR A DESCRIÇÃO DE FUNCIONAMENTO
                      00232 ; E UM NOME COERENTE ÀS SUAS FUNÇÕES.
                      00233 
                      00234 ;* * * * * * * * * * * * * * * * * * * * * * * * * * * * * * * * * *
                      00235 ;*                     INICIO DO PROGRAMA                          *
                      00236 ;* * * * * * * * * * * * * * * * * * * * * * * * * * * * * * * * * *
                      00237         
0033                  00238 INICIO
0033   1683           00239         BANK1                           ;ALTERA PARA O BANCO 1
0034   300F           00240         MOVLW   _INOUT          ;CONFIGURA TODAS AS PORTAS DO GPIO (PINOS)(4 ENTRADAS & 2 SAIDAS)
Message[302]: Register in operand not in bank 0.  Ensure that bank bits are correct.
0035   0085           00241         MOVWF   TRISIO          ;COMO SAÍDAS
Message[302]: Register in operand not in bank 0.  Ensure that bank bits are correct.
0036   019F           00242         CLRF    ANSEL           ;DEFINE PORTAS COMO Digital I/O
                      00243 
0037   3003           00244         MOVLW   _PRE
Message[302]: Register in operand not in bank 0.  Ensure that bank bits are correct.
0038   0081           00245         MOVWF   OPTION_REG      ;DEFINE OPÇÕES DE OPERAÇÃO
                      00246         
0039   30A8           00247         MOVLW   _INTERRUPCAO
003A   008B           00248         MOVWF   INTCON          ;DEFINE OPÇÕES DE INTERRUPÇÕES
                      00249 
MPASM  5.51                         TUNER.ASM   8-25-2017  11:11:18         PAGE  6


LOC  OBJECT CODE     LINE SOURCE TEXT
  VALUE

003B   3007           00250         MOVLW   _INTPORTAS      ;DEFINE QUAIS PORTAS GERAM INTERRUPÇÕES
Message[302]: Register in operand not in bank 0.  Ensure that bank bits are correct.
003C   0096           00251         MOVWF   IOC
                      00252 
003D   1283           00253         BANK0                           ;RETORNA PARA O BANCO
003E   3007           00254         MOVLW   B'00000111'
003F   0099           00255         MOVWF   CMCON           ;DEFINE O MODO DE OPERAÇÃO DO COMPARADOR ANALÓGICO
                      00256 
0040   3000           00257         MOVLW   B'00000000'
0041   0085           00258         MOVWF   GPIO
                      00259 
                      00260 ;* * * * * * * * * * * * * * * * * * * * * * * * * * * * * * * * * *
                      00261 ;*                     INICIALIZAÇÃO DAS VARIÁVEIS                 *
                      00262 ;* * * * * * * * * * * * * * * * * * * * * * * * * * * * * * * * * *
                      00263 
                      00264 ;* * * * * * * * * * * * * * * * * * * * * * * * * * * * * * * * * *
                      00265 ;*                     ROTINA PRINCIPAL                            *
                      00266 ;* * * * * * * * * * * * * * * * * * * * * * * * * * * * * * * * * *
0042                  00267 MAIN
                      00268 
                      00269         ;CORPO DA ROTINA PRINCIPAL
                      00270 
0042   2842           00271         GOTO MAIN
                      00272 
                      00273 ;* * * * * * * * * * * * * * * * * * * * * * * * * * * * * * * * * *
                      00274 ;*                       FIM DO PROGRAMA                           *
                      00275 ;* * * * * * * * * * * * * * * * * * * * * * * * * * * * * * * * * *
                      00276 
                      00277         END
MPASM  5.51                         TUNER.ASM   8-25-2017  11:11:18         PAGE  7


SYMBOL TABLE
  LABEL                             VALUE 

ADCON0                            0000001F
ADCS0                             00000004
ADCS1                             00000005
ADCS2                             00000006
ADFM                              00000007
ADIE                              00000006
ADIF                              00000006
ADON                              00000000
ADRESH                            0000001E
ADRESL                            0000009E
ANS0                              00000000
ANS1                              00000001
ANS2                              00000002
ANS3                              00000003
ANSEL                             0000009F
B1_DESATIVADO                     00000014
BANK0                             BCF STATUS,RP0
BANK1                             BSF STATUS,RP0
BOTAO_0                           GPIO,0
BOTAO_1                           GPIO,1
BOTAO_2                           GPIO,2
C                                 00000000
CAL0                              00000002
CAL1                              00000003
CAL2                              00000004
CAL3                              00000005
CAL4                              00000006
CAL5                              00000007
CHS0                              00000002
CHS1                              00000003
CINV                              00000004
CIS                               00000003
CM0                               00000000
CM1                               00000001
CM2                               00000002
CMCON                             00000019
CMIE                              00000003
CMIF                              00000003
CONTADOR                          00000022
COUT                              00000006
DC                                00000001
EEADR                             0000009B
EECON1                            0000009C
EECON2                            0000009D
EEDAT                             0000009A
EEDATA                            0000009A
EEIE                              00000007
EEIF                              00000007
F                                 00000001
FREQ1                             00000010
FREQ2                             0000004C
FREQ3                             00000071
FREQ4                             00000087
MPASM  5.51                         TUNER.ASM   8-25-2017  11:11:18         PAGE  8


SYMBOL TABLE
  LABEL                             VALUE 

FSR                               00000004
GIE                               00000007
GO                                00000001
GO_DONE                           00000001
GO_NOT_DONE                       00000001
GP0                               00000000
GP1                               00000001
GP2                               00000002
GP3                               00000003
GP4                               00000004
GP5                               00000005
GPIE                              00000003
GPIF                              00000000
GPIO                              00000005
GPIO0                             00000000
GPIO1                             00000001
GPIO2                             00000002
GPIO3                             00000003
GPIO4                             00000004
GPIO5                             00000005
INDF                              00000000
INICIO                            00000033
INTCON                            0000000B
INTE                              00000004
INTEDG                            00000006
INTF                              00000001
IOC                               00000096
IOC0                              00000000
IOC1                              00000001
IOC2                              00000002
IOC3                              00000003
IOC4                              00000004
IOC5                              00000005
IOCB                              00000096
IOCB0                             00000000
IOCB1                             00000001
IOCB2                             00000002
IOCB3                             00000003
IOCB4                             00000004
IOCB5                             00000005
IRP                               00000007
MAIN                              00000042
NOT_BOD                           00000000
NOT_BOR                           00000000
NOT_DONE                          00000001
NOT_GPPU                          00000007
NOT_PD                            00000003
NOT_POR                           00000001
NOT_T1SYNC                        00000002
NOT_TO                            00000004
ON_FREQ1                          00000017
ON_FREQ2                          0000001A
ON_FREQ3                          0000001D
MPASM  5.51                         TUNER.ASM   8-25-2017  11:11:18         PAGE  9


SYMBOL TABLE
  LABEL                             VALUE 

ON_FREQ4                          00000020
OPTION_REG                        00000081
OSCCAL                            00000090
PCL                               00000002
PCLATH                            0000000A
PCON                              0000008E
PEIE                              00000006
PIE1                              0000008C
PIR1                              0000000C
POWER_OFF                         00000011
PS0                               00000000
PS1                               00000001
PS2                               00000002
PSA                               00000003
RD                                00000000
RESET_TIMER                       00000023
RP0                               00000005
RP1                               00000006
SAIDA                             GPIO,4
SAI_INT                           0000002E
STATUS                            00000003
STATUS_TEMP                       00000021
S_OFF                             0000002C
T0CS                              00000005
T0IE                              00000005
T0IF                              00000002
T0SE                              00000004
T1CKPS0                           00000004
T1CKPS1                           00000005
T1CON                             00000010
T1IE                              00000000
T1IF                              00000000
T1OSCEN                           00000003
TMR0                              00000001
TMR0IE                            00000005
TMR0IF                            00000002
TMR1                              0000000E
TMR1CS                            00000001
TMR1GE                            00000006
TMR1H                             0000000F
TMR1IE                            00000000
TMR1IF                            00000000
TMR1L                             0000000E
TMR1ON                            00000000
TRISIO                            00000085
TRISIO0                           00000000
TRISIO1                           00000001
TRISIO2                           00000002
TRISIO3                           00000003
TRISIO4                           00000004
TRISIO5                           00000005
VCFG                              00000006
VR0                               00000000
MPASM  5.51                         TUNER.ASM   8-25-2017  11:11:18         PAGE 10


SYMBOL TABLE
  LABEL                             VALUE 

VR1                               00000001
VR2                               00000002
VR3                               00000003
VRCON                             00000099
VREN                              00000007
VRR                               00000005
W                                 00000000
WPU                               00000095
WPU0                              00000000
WPU1                              00000001
WPU2                              00000002
WPU4                              00000004
WPU5                              00000005
WR                                00000001
WREN                              00000002
WRERR                             00000003
W_TEMP                            00000020
Z                                 00000002
_BODEN_OFF                        00003FBF
_BODEN_ON                         00003FFF
_BOREN_OFF                        00003FBF
_BOREN_ON                         00003FFF
_CONFIG                           00002007
_CPD_OFF                          00003FFF
_CPD_ON                           00003EFF
_CP_OFF                           00003FFF
_CP_ON                            00003F7F
_DEVID1                           00002006
_EC_OSC                           00003FFB
_EXTRC_OSC_CLKOUT                 00003FFF
_EXTRC_OSC_NOCLKOUT               00003FFE
_FOSC_EC                          00003FFB
_FOSC_EXTRCCLK                    00003FFF
_FOSC_EXTRCIO                     00003FFE
_FOSC_HS                          00003FFA
_FOSC_INTRCCLK                    00003FFD
_FOSC_INTRCIO                     00003FFC
_FOSC_LP                          00003FF8
_FOSC_XT                          00003FF9
_HS_OSC                           00003FFA
_IDLOC0                           00002000
_IDLOC1                           00002001
_IDLOC2                           00002002
_IDLOC3                           00002003
_INOUT                            0000000F
_INTERRUPCAO                      000000A8
_INTPORTAS                        00000007
_INTRC_OSC_CLKOUT                 00003FFD
_INTRC_OSC_NOCLKOUT               00003FFC
_LP_OSC                           00003FF8
_MCLRE_OFF                        00003FDF
_MCLRE_ON                         00003FFF
_PRE                              00000003
MPASM  5.51                         TUNER.ASM   8-25-2017  11:11:18         PAGE 11


SYMBOL TABLE
  LABEL                             VALUE 

_PWRTE_OFF                        00003FFF
_PWRTE_ON                         00003FEF
_WDTE_OFF                         00003FF7
_WDTE_ON                          00003FFF
_WDT_OFF                          00003FF7
_WDT_ON                           00003FFF
_XT_OSC                           00003FF9
__12F675                          00000001
__DEBUG                           1


MEMORY USAGE MAP ('X' = Used,  '-' = Unused)

0000 : X---XXXXXXXXXXXX XXXXXXXXXXXXXXXX XXXXXXXXXXXXXXXX XXXXXXXXXXXXXXXX
0040 : XXX------------- ---------------- ---------------- ----------------
2000 : -------X-------- ---------------- ---------------- ----------------

All other memory blocks unused.

Program Memory Words Used:    64
Program Memory Words Free:   960


Errors   :     0
Warnings :     0 reported,     0 suppressed
Messages :     4 reported,     0 suppressed

