MPASM  5.51                           LCD.ASM   10-18-2017  10:54:41         PAGE  1


LOC  OBJECT CODE     LINE SOURCE TEXT
  VALUE

                      00001 ;* * * * * * * * * * * * * * * * * * * * * * * * * * * * * * * * * *
                      00002 ;*              MODIFICAÇÕES PARA USO COM 12F675                   *
                      00003 ;*                FEITAS PELO PROF. MARDSON                        *
                      00004 ;*                    FEVEREIRO DE 2016                            *
                      00005 ;* * * * * * * * * * * * * * * * * * * * * * * * * * * * * * * * * *
                      00006 
                      00007 ;* * * * * * * * * * * * * * * * * * * * * * * * * * * * * * * * * *
                      00008 ;*                       NOME DO PROJETO                           *
                      00009 ;*                           CLIENTE                               *
                      00010 ;*         DESENVOLVIDO PELA MOSAICO ENGENHARIA E CONSULTORIA      *
                      00011 ;*   VERSÃO: 1.0                           DATA: 17/06/03          *
                      00012 ;* * * * * * * * * * * * * * * * * * * * * * * * * * * * * * * * * *
                      00013 ;*                     DESCRIÇÃO DO ARQUIVO                        *
                      00014 ;*-----------------------------------------------------------------*
                      00015 ;*   MODELO PARA O PIC 12F675                                      *
                      00016 ;*                                                                 *
                      00017 ;*                                                                 *
                      00018 ;* * * * * * * * * * * * * * * * * * * * * * * * * * * * * * * * * *
                      00019 
                      00020 ;* * * * * * * * * * * * * * * * * * * * * * * * * * * * * * * * * *
                      00021 ;*                     ARQUIVOS DE DEFINIÇÕES                      *
                      00022 ;* * * * * * * * * * * * * * * * * * * * * * * * * * * * * * * * * *
                      00023 #INCLUDE <P12F675.INC>  ;ARQUIVO PADRÃO MICROCHIP PARA 12F675
                      00001         LIST
                      00002 
                      00003 ;==========================================================================
                      00004 ;  MPASM PIC12F675 processor include
                      00005 ; 
                      00006 ;  (c) Copyright 1999-2013 Microchip Technology, All rights reserved
                      00007 ;==========================================================================
                      00008 
                      00366         LIST
                      00024 
2007   3FA4           00025         __CONFIG _BODEN_OFF & _CP_OFF & _PWRTE_ON & _WDT_OFF & _MCLRE_ON & _INTRC_OSC_NOCLKOUT
                      00026 
                      00027 ;* * * * * * * * * * * * * * * * * * * * * * * * * * * * * * * * * *
                      00028 ;*                    PAGINAÇÃO DE MEMÓRIA                         *
                      00029 ;* * * * * * * * * * * * * * * * * * * * * * * * * * * * * * * * * *
                      00030 ;DEFINIÇÃO DE COMANDOS DE USUÁRIO PARA ALTERAÇÃO DA PÁGINA DE MEMÓRIA
                      00031 #DEFINE BANK0   BCF STATUS,RP0  ;SETA BANK 0 DE MEMÓRIA
                      00032 #DEFINE BANK1   BSF STATUS,RP0  ;SETA BANK 1 DE MAMÓRIA
                      00033 
                      00034 ;* * * * * * * * * * * * * * * * * * * * * * * * * * * * * * * * * *
                      00035 ;*                         VARIÁVEIS                               *
                      00036 ;* * * * * * * * * * * * * * * * * * * * * * * * * * * * * * * * * *
                      00037 ; DEFINIÇÃO DOS NOMES E ENDEREÇOS DE TODAS AS VARIÁVEIS UTILIZADAS 
                      00038 ; PELO SISTEMA
                      00039 
                      00040         CBLOCK  0x20    ;ENDEREÇO INICIAL DA MEMÓRIA DE
                      00041                                         ;USUÁRIO
  00000020            00042                 W_TEMP          ;REGISTRADORES TEMPORÁRIOS PARA USO
  00000021            00043                 STATUS_TEMP     ;JUNTO ÀS INTERRUPÇÕES
                      00044 
MPASM  5.51                           LCD.ASM   10-18-2017  10:54:41         PAGE  2


LOC  OBJECT CODE     LINE SOURCE TEXT
  VALUE

  00000022            00045                 WRD
  00000023            00046                 COUNT
                      00047                 
                      00048 
                      00049         ENDC                    ;FIM DO BLOCO DE MEMÓRIA
                      00050 ;* * * * * * * * * * * * * * * * * * * * * * * * * * * * * * * * * *
                      00051 ;*                        FLAGS INTERNOS                           *
                      00052 ;* * * * * * * * * * * * * * * * * * * * * * * * * * * * * * * * * *
                      00053 ; DEFINIÇÃO DE TODOS OS FLAGS UTILIZADOS PELO SISTEMA
                      00054 
                      00055 ;* * * * * * * * * * * * * * * * * * * * * * * * * * * * * * * * * *
                      00056 ;*                         CONSTANTES                              *
                      00057 ;* * * * * * * * * * * * * * * * * * * * * * * * * * * * * * * * * *
                      00058 ; DEFINIÇÃO DE TODAS AS CONSTANTES UTILIZADAS PELO SISTEMA
                      00059         
                      00060 
                      00061 ;* * * * * * * * * * * * * * * * * * * * * * * * * * * * * * * * * *
                      00062 ;*                           ENTRADAS                              *
                      00063 ;* * * * * * * * * * * * * * * * * * * * * * * * * * * * * * * * * *
                      00064 ; DEFINIÇÃO DE TODOS OS PINOS QUE SERÃO UTILIZADOS COMO ENTRADA
                      00065 ; RECOMENDAMOS TAMBÉM COMENTAR O SIGNIFICADO DE SEUS ESTADOS (0 E 1)
                      00066 
                      00067 #DEFINE         SR_CLK          GPIO,0
                      00068 #DEFINE         SR_DAT          GPIO,4
                      00069 #DEFINE         LCD_EN          GPIO,5  
                      00070 
                      00071 ;* * * * * * * * * * * * * * * * * * * * * * * * * * * * * * * * * *
                      00072 ;*                           SAÍDAS                                *
                      00073 ;* * * * * * * * * * * * * * * * * * * * * * * * * * * * * * * * * *
                      00074 ; DEFINIÇÃO DE TODOS OS PINOS QUE SERÃO UTILIZADOS COMO SAÍDA
                      00075 ; RECOMENDAMOS TAMBÉM COMENTAR O SIGNIFICADO DE SEUS ESTADOS (0 E 1)
                      00076 
                      00077 ;* * * * * * * * * * * * * * * * * * * * * * * * * * * * * * * * * *
                      00078 ;*                       VETOR DE RESET                            *
                      00079 ;* * * * * * * * * * * * * * * * * * * * * * * * * * * * * * * * * *
                      00080 
                      00081         ORG     0x00                    ;ENDEREÇO INICIAL DE PROCESSAMENTO
0000   2???           00082         GOTO    INICIO
                      00083         
                      00084 ;* * * * * * * * * * * * * * * * * * * * * * * * * * * * * * * * * *
                      00085 ;*                    INÍCIO DA INTERRUPÇÃO                        *
                      00086 ;* * * * * * * * * * * * * * * * * * * * * * * * * * * * * * * * * *
                      00087 ; ENDEREÇO DE DESVIO DAS INTERRUPÇÕES. A PRIMEIRA TAREFA É SALVAR OS
                      00088 ; VALORES DE "W" E "STATUS" PARA RECUPERAÇÃO FUTURA
                      00089 
                      00090         ORG     0x04                    ;ENDEREÇO INICIAL DA INTERRUPÇÃO
0004   00A0           00091         MOVWF   W_TEMP          ;COPIA W PARA W_TEMP
0005   0E03           00092         SWAPF   STATUS,W
0006   00A1           00093         MOVWF   STATUS_TEMP     ;COPIA STATUS PARA STATUS_TEMP
                      00094 
                      00095 ;* * * * * * * * * * * * * * * * * * * * * * * * * * * * * * * * * *
                      00096 ;*                    ROTINA DE INTERRUPÇÃO                        *
                      00097 ;* * * * * * * * * * * * * * * * * * * * * * * * * * * * * * * * * *
MPASM  5.51                           LCD.ASM   10-18-2017  10:54:41         PAGE  3


LOC  OBJECT CODE     LINE SOURCE TEXT
  VALUE

                      00098 ; AQUI SERÁ ESCRITA AS ROTINAS DE RECONHECIMENTO E TRATAMENTO DAS
                      00099 ; INTERRUPÇÕES
                      00100 
                      00101 ;* * * * * * * * * * * * * * * * * * * * * * * * * * * * * * * * * *
                      00102 ;*                 ROTINA DE SAÍDA DA INTERRUPÇÃO                  *
                      00103 ;* * * * * * * * * * * * * * * * * * * * * * * * * * * * * * * * * *
                      00104 ; OS VALORES DE "W" E "STATUS" DEVEM SER RECUPERADOS ANTES DE 
                      00105 ; RETORNAR DA INTERRUPÇÃO
                      00106 
0007                  00107 SAI_INT
0007   0E21           00108         SWAPF   STATUS_TEMP,W
0008   0083           00109         MOVWF   STATUS          ;MOVE STATUS_TEMP PARA STATUS
0009   0EA0           00110         SWAPF   W_TEMP,F
000A   0E20           00111         SWAPF   W_TEMP,W        ;MOVE W_TEMP PARA W
000B   0009           00112         RETFIE
                      00113 
                      00114 ;* * * * * * * * * * * * * * * * * * * * * * * * * * * * * * * * * *
                      00115 ;*                       ROTINAS E SUBROTINAS                              *
                      00116 ;* * * * * * * * * * * * * * * * * * * * * * * * * * * * * * * * * *
                      00117 ; CADA ROTINA OU SUBROTINA DEVE POSSUIR A DESCRIÇÃO DE FUNCIONAMENTO
                      00118 ; E UM NOME COERENTE ÀS SUAS FUNÇÕES.
                      00119 
000C                  00120 LIMPA_T0FLAG
                      00121 
000C   110B           00122         BCF             INTCON,T0IF             ;LIMPA A FLAG
000D   128B           00123         BCF             INTCON,T0IE             ;DESABILITA AS INTERRUPÇÕES
                      00124 
000E   0008           00125         RETURN
                      00126 
000F                  00127 COUNT_RESET                                     
000F   3004           00128         MOVLW   .4
0010   00A3           00129         MOVWF   COUNT
                      00130 
0011   0008           00131         RETURN
0012                  00132 SETUP
0012   2???           00133         CALL    COUNT_RESET                     ;QUANTIDADE DE ROTAÇÕES 
                      00134 
0013   2???           00135         CALL    W_15MS                          ;ESPERA > 15 MS 
                      00136 
0014   3030           00137         MOVLW   b'00110000'                     ;MANDA 0X30 PARA O LCD
0015   00A2           00138         MOVWF   WRD
                      00139         
0016   2???           00140         CALL    SEND_LCD0                       ;MANDA OP BIT A BIT PARA SR
                      00141 ;******************** PALAVRA ENVIADA *********************
0017   2???           00142         CALL    COUNT_RESET
                      00143 
0018   2???           00144         CALL    W_4MS                           ;ESPERA > 4 MS
                      00145         
0019   3030           00146         MOVLW   b'00110000'                     ;MANDA 0X30 PARA O LCD
001A   00A2           00147         MOVWF   WRD
                      00148         
001B   2???           00149         CALL    SEND_LCD0               
                      00150 ;******************** PALAVRA ENVIADA *********************
MPASM  5.51                           LCD.ASM   10-18-2017  10:54:41         PAGE  4


LOC  OBJECT CODE     LINE SOURCE TEXT
  VALUE

001C   2???           00151         CALL COUNT_RESET
                      00152 
001D   2???           00153         CALL    W_100US                                 ;ESPERA > 100 US 
                      00154         
001E   3030           00155         MOVLW   b'00110000'                             ;MANDA 0X30 PARA O LCD
001F   00A2           00156         MOVWF   WRD
                      00157         
0020   2???           00158         CALL    SEND_LCD0                               ;MANDA 0X30
                      00159 ;******************** PALAVRA ENVIADA *********************
0021   2???           00160         CALL COUNT_RESET
                      00161         
0022   2???           00162         CALL    W_40US                                  ;ESPERA > 40 US
                      00163         
0023   3020           00164         MOVLW   B'00100000'                                     
0024   00A2           00165         MOVWF   WRD
                      00166         
0025   2???           00167         CALL    SEND_LCD0                               ;ESTABELECA COMUNICAÇÃO EM 4 VIAS(00010)
                      00168 ;******************** PALAVRA ENVIADA *********************
0026   2???           00169         CALL COUNT_RESET
                      00170         
0027   2???           00171         CALL    W_40US                                  ;ESPERA > 40 US
                      00172         
0028   3020           00173         MOVLW   B'00100000'                                     
0029   00A2           00174         MOVWF   WRD
                      00175         
002A   2???           00176         CALL    SEND_LCD0                               ;MANDA CONDIÇÕES DE OPERAÇÃO (00010)
                      00177 ;******************** PALAVRA ENVIADA *********************
002B   2???           00178         CALL COUNT_RESET
                      00179         
002C   3040           00180         MOVLW   B'1000000'                                      
002D   00A2           00181         MOVWF   WRD
                      00182         
002E   2???           00183         CALL    SEND_LCD0                               ;MANDA CONDIÇÕES DE OPERAÇÃO (01000)
                      00184 ;******************** PALAVRA ENVIADA *********************
002F   2???           00185         CALL COUNT_RESET
                      00186         
0030   2???           00187         CALL    W_40US
                      00188                                                                         ;ESPERA > 40 US
0031   3000           00189         MOVLW   B'00000000'                                     
0032   00A2           00190         MOVWF   WRD                                             
                      00191 
0033   2???           00192         CALL    SEND_LCD0                               ;LIMPA DISPLAY (00000)
                      00193 ;******************** PALAVRA ENVIADA *********************
0034   2???           00194         CALL COUNT_RESET
                      00195 
0035   3010           00196         MOVLW   B'00010000'                                     
0036   00A2           00197         MOVWF   WRD                                             
                      00198 
0037   2???           00199         CALL    SEND_LCD0                               ;POSICIONA CURSOR (00001)
                      00200 ;******************** PALAVRA ENVIADA *********************
0038   2???           00201         CALL COUNT_RESET
                      00202 
0039   2???           00203         CALL    W_1800US                                ;ESPERA > 1.8 MS
MPASM  5.51                           LCD.ASM   10-18-2017  10:54:41         PAGE  5


LOC  OBJECT CODE     LINE SOURCE TEXT
  VALUE

                      00204 
003A   3000           00205         MOVLW   B'00000000'                                     
003B   00A2           00206         MOVWF   WRD                                             
                      00207 
003C   2???           00208         CALL    SEND_LCD0                               ;LIMPA DISPLAY (00000)                          
                                                    
                      00209 ;******************** PALAVRA ENVIADA *********************
003D   2???           00210         CALL COUNT_RESET
                      00211 
003E   3060           00212         MOVLW   B'1100000'                              
003F   00A2           00213         MOVWF   WRD                                             
                      00214 
0040   2???           00215         CALL    SEND_LCD0                               ;LIGA SEM CURSOR (01100)                        
                      00216 ;******************** PALAVRA ENVIADA *********************
0041   2???           00217         CALL COUNT_RESET
                      00218         
0042   2???           00219         CALL    W_40US                                  ;ESPERA > 40 US
                      00220                                                                 ;DESLOCAMENTO AUTOMATICO PARA A DIREITA
0043   3000           00221         MOVLW   B'00000000'                                     
0044   00A2           00222         MOVWF   WRD                                             
                      00223 
0045   2???           00224         CALL    SEND_LCD0                               ;LIMPA DISPLAY (00000)                          
                                                    ;(00000) & (00110)
                      00225 ;******************** PALAVRA ENVIADA *********************
0046   2???           00226         CALL COUNT_RESET
                      00227 
0047   3060           00228         MOVLW   B'01100000'
0048   00A2           00229         MOVWF   WRD                                             
                      00230 
0049   2???           00231         CALL    SEND_LCD0                               ;MODO OPERACIONAL 
                      00232 ;******************** PALAVRA ENVIADA *********************
004A   2???           00233         CALL    W_40US                                  ;ESPERA 40 US
                      00234         
004B   0008           00235         RETURN
                      00236 ;* * * * * * * * * * * * * * * * * * * * * * * * * * * * * * * * * *
                      00237 ;*                                      CLOCK SHIFT REGISTER                       *
                      00238 ;* * * * * * * * * * * * * * * * * * * * * * * * * * * * * * * * * *
                      00239 ;RESPONSAVEL POR MANDAR O DADO PARA O SHIFT REGISTER
                      00240 ;SEM ELE O DADO NÃO É ENVIADO
004C                  00241 SR_CLOCK
                      00242 
004C   1405           00243         BSF     SR_CLK
004D   1005           00244         BCF     SR_CLK
                      00245 
004E   0008           00246         RETURN
                      00247 ;* * * * * * * * * * * * * * * * * * * * * * * * * * * * * * * * * *
                      00248 ;*                                      MANDAR P/ SR (RS = 0)                      *
                      00249 ;* * * * * * * * * * * * * * * * * * * * * * * * * * * * * * * * * *
                      00250 ;PARA COMANDOS OPERACIONAIS, O BIT RS DO LCD DEVE SER ZERO
                      00251 
004F                  00252 SEND_LCD0                                               ;MANDA INSTRUÇÕES (RS = 0
                      00253 
                      00254 
MPASM  5.51                           LCD.ASM   10-18-2017  10:54:41         PAGE  6


LOC  OBJECT CODE     LINE SOURCE TEXT
  VALUE

Message[305]: Using default destination of 1 (file).
004F   0DA2           00255         RLF             WRD                                     ;BIT NO SR VIA CARRY
                      00256                                                                 ;(FALTA VER SE É BIG ENDIAN OU LITTLE EN
                            DIAN)
                      00257 
0050   1803           00258         BTFSC   STATUS,C                        ;VERIFICA Q VALOR VAI SER MANDADO (0 OU 1)
                      00259                                                                 ;PULA SE CARRY = 0
0051   2???           00260         GOTO    SR_SET                          ;MANDA 1 AO SR
                      00261         
0052   1205           00262         BCF             SR_DAT                          ;MANDA 0 AO SR
0053   2???           00263         CALL    SR_CLOCK
                      00264         
0054                  00265 CHECK_FINAL0
0054   0BA3           00266         DECFSZ  COUNT,1
0055   2???           00267         GOTO    SEND_LCD0
                      00268         
0056   2???           00269         GOTO    FINAL_LCD0
                      00270 
0057                  00271 SR_SET
0057   1605           00272         BSF             SR_DAT                          ;MANDA 1 AO SR
0058   2???           00273         CALL    SR_CLOCK
                      00274 
0059   2???           00275         GOTO    CHECK_FINAL0                    ;VOLTA AO INÍCIO
                      00276 
005A                  00277 FINAL_LCD0
005A   1205           00278         BCF             SR_DAT          ; ENVIA RS = 0 (OPERAÇÃO)
005B   2???           00279         CALL    SR_CLOCK        
                      00280         
005C   1605           00281         BSF             SR_DAT          ; ENVIA BACKLIGHT = 1 (LUZ DE FUNDO)
005D   2???           00282         CALL    SR_CLOCK
                      00283         
005E   1205           00284         BCF             SR_DAT          ;TESTE
005F   2???           00285         CALL    SR_CLOCK        ; PREENCHE COM QUALQUER COISA (DON'T CARE)
0060   2???           00286         CALL    SR_CLOCK
                      00287 
0061   1685           00288         BSF             LCD_EN
0062   0000           00289         NOP                                     ; PULSO DE LCD (CASO NÃO PEGUE, TENTAR INVERTER ESSES VA
                            LORES)
0063   1285           00290         BCF             LCD_EN
                      00291 
0064   0008           00292         RETURN
                      00293 
                      00294 ;* * * * * * * * * * * * * * * * * * * * * * * * * * * * * * * * * *
                      00295 ;*                                      MANDAR P/ SR (RS = 1)                      *
                      00296 ;* * * * * * * * * * * * * * * * * * * * * * * * * * * * * * * * * *
                      00297 ;PARA ENVIO DE DADOS (CARACTERES), O BIT RS DO LCD DEVE SER UM
                      00298 
0065                  00299 SEND_LCD1                                               ;MANDA INSTRUÇÕES (RS = 0
                      00300 
                      00301         
Message[305]: Using default destination of 1 (file).
0065   0DA2           00302         RLF             WRD                                     ;BIT NO SR VIA CARRY
                      00303                                                                 ;(FALTA VER SE É BIG ENDIAN OU LITTLE EN
MPASM  5.51                           LCD.ASM   10-18-2017  10:54:41         PAGE  7


LOC  OBJECT CODE     LINE SOURCE TEXT
  VALUE

                            DIAN)
                      00304 
0066   1803           00305         BTFSC   STATUS,C                        ;VERIFICA Q VALOR VAI SER MANDADO (0 OU 1)
                      00306                                                                 ;PULA SE CARRY = 0
0067   2???           00307         GOTO    SR_SET1                         ;MANDA 1 AO SR
                      00308         
0068   1205           00309         BCF             SR_DAT                          ;MANDA 0 AO SR
0069   2???           00310         CALL    SR_CLOCK
                      00311 
006A                  00312 CHECK_FINAL1    
006A   0BA3           00313         DECFSZ  COUNT,1                         ;DECREMENTA
                      00314         
006B   2???           00315         GOTO    SEND_LCD1
006C   2???           00316         GOTO    FINAL_LCD1      
                      00317 
006D                  00318 SR_SET1
006D   1605           00319         BSF             SR_DAT                          ;MANDA 0 AO SR
006E   2???           00320         CALL    SR_CLOCK
                      00321 
006F   2???           00322         GOTO    CHECK_FINAL1                    ;VOLTA AO INÍCIO
                      00323 
0070                  00324 FINAL_LCD1
                      00325 
0070   1605           00326         BSF             SR_DAT          ; ENVIA RS = 1 (CARACTERE)
0071   2???           00327         CALL    SR_CLOCK        
                      00328         
0072   1605           00329         BSF             SR_DAT          ; ENVIA BACKLIGHT = 1 (LUZ DE FUNDO)
0073   2???           00330         CALL    SR_CLOCK
                      00331 
0074   2???           00332         CALL    SR_CLOCK        ; PREENCHE COM QUALQUER COISA (DON'T CARE)
0075   2???           00333         CALL    SR_CLOCK
                      00334 
0076   1685           00335         BSF             LCD_EN
0077   0000           00336         NOP                                     ; PULSO DE LEITURA DO LCD
0078   1285           00337         BCF             LCD_EN                  
                      00338 
0079   0008           00339         RETURN  
                      00340 
                      00341 ;* * * * * * * * * * * * * * * * * * * * * * * * * * * * * * * * * *
                      00342 ;*                                              DELAYS                             *
                      00343 ;* * * * * * * * * * * * * * * * * * * * * * * * * * * * * * * * * *
                      00344 ;TEMPOS MINIMOS DE DELAY, COMO É PRECISO OBEDECER APENAS AO TEMPO MÍNIMO
                      00345 ;AS FUNÇÕES APRESENTAM VALORES MAIORES DO QUE OS NOMES DE SUAS SUBROTINAS
                      00346 ;FACILITA NA REUTILIZAÇÃO DE SUBROTINAS
                      00347 ;EX.: DELAY 100 MS = 2 * 40 MS  (TEMPO REAL =  80 uS)
                      00348  
007A                  00349 W_40US                                          ;TEMPO REAL =  80 uS
                      00350 
007A   30FE           00351         MOVLW   .254                    ;ATRIBUI O VALOR NO TMR0
007B   0081           00352         MOVWF   TMR0
                      00353 
007C                  00354 W_40CHECK
                      00355 
MPASM  5.51                           LCD.ASM   10-18-2017  10:54:41         PAGE  8


LOC  OBJECT CODE     LINE SOURCE TEXT
  VALUE

007C   1D0B           00356         BTFSS   INTCON,T0IF             ;VERIFICA SE CONTADOR ESTOUROU,SENAO,CONTINUA NO LOOP
007D   2???           00357         GOTO    W_40CHECK               
007E   2???           00358         CALL    LIMPA_T0FLAG
                      00359 
007F   0008           00360         RETURN
                      00361 
0080                  00362 W_100US                                         ;TEMPO REAL = 165 uS
                      00363         
0080   2???           00364         CALL W_40US                             
0081   2???           00365         CALL W_40US                     
                      00366                                                         
                      00367 
0082   0008           00368         RETURN
                      00369 
0083                  00370 W_1800US                                        ;TEMPO REAL = 1.875 mS
0083   30E2           00371         MOVLW   .226                    ;ATRIBUI O VALOR NO TMR0
0084   0081           00372         MOVWF   TMR0
                      00373 
0085                  00374 W_1800USCHECK                           
                      00375 
0085   1D0B           00376         BTFSS   INTCON,T0IF             ;VERIFICA SE CONTADOR ESTOUROU,SENAO,CONTINUA NO LOOP
0086   2???           00377         GOTO    W_1800USCHECK           
0087   2???           00378         CALL    LIMPA_T0FLAG
                      00379 
0088   0008           00380         RETURN
                      00381 
0089                  00382 W_4MS                                           ;TEMPO REAL = 4.112 mS
0089   30BF           00383         MOVLW   .191                    ;ATRIBUI O VALOR NO TMR0
008A   0081           00384         MOVWF   TMR0
                      00385 
008B                  00386 W_4MSCHECK                              
                      00387 
008B   1D0B           00388         BTFSS   INTCON,T0IF             ;VERIFICA SE CONTADOR ESTOUROU,SENAO,CONTINUA NO LOOP
008C   2???           00389         GOTO    W_4MSCHECK              
008D   2???           00390         CALL    LIMPA_T0FLAG
008E   0008           00391         RETURN
                      00392 
008F                  00393 W_15MS                                          ;TEMPO REAL = 16.452 mS
008F   2???           00394         CALL W_4MS
0090   2???           00395         CALL W_4MS
0091   2???           00396         CALL W_4MS
0092   2???           00397         CALL W_4MS
                      00398         
0093   0008           00399         RETURN
                      00400 ;* * * * * * * * * * * * * * * * * * * * * * * * * * * * * * * * * *
                      00401 ;*                     INICIO DO PROGRAMA                          *
                      00402 ;* * * * * * * * * * * * * * * * * * * * * * * * * * * * * * * * * *
                      00403         
0094                  00404 INICIO
0094   1683           00405         BANK1                           ;ALTERA PARA O BANCO 1
0095   3000           00406         MOVLW   B'00000000' ;CONFIGURA TODAS AS PORTAS DO GPIO (PINOS)
Message[302]: Register in operand not in bank 0.  Ensure that bank bits are correct.
0096   0085           00407         MOVWF   TRISIO          ;COMO SAÍDAS
MPASM  5.51                           LCD.ASM   10-18-2017  10:54:41         PAGE  9


LOC  OBJECT CODE     LINE SOURCE TEXT
  VALUE

Message[302]: Register in operand not in bank 0.  Ensure that bank bits are correct.
0097   019F           00408         CLRF    ANSEL           ;DEFINE PORTAS COMO Digital I/O
0098   3005           00409         MOVLW   B'00000101'
Message[302]: Register in operand not in bank 0.  Ensure that bank bits are correct.
0099   0081           00410         MOVWF   OPTION_REG      ;DEFINE OPÇÕES DE OPERAÇÃO
009A   3000           00411         MOVLW   B'00000000'
009B   008B           00412         MOVWF   INTCON          ;DEFINE OPÇÕES DE INTERRUPÇÕES
009C   1283           00413         BANK0                           ;RETORNA PARA O BANCO
009D   3007           00414         MOVLW   B'00000111'
009E   0099           00415         MOVWF   CMCON           ;DEFINE O MODO DE OPERAÇÃO DO COMPARADOR ANALÓGICO
009F   0185           00416         CLRF    GPIO
00A0   2???           00417         CALL    SETUP
                      00418 ;* * * * * * * * * * * * * * * * * * * * * * * * * * * * * * * * * *
                      00419 ;*                     INICIALIZAÇÃO DAS VARIÁVEIS                 *
                      00420 ;* * * * * * * * * * * * * * * * * * * * * * * * * * * * * * * * * *
                      00421 
                      00422 ;* * * * * * * * * * * * * * * * * * * * * * * * * * * * * * * * * *
                      00423 ;*                     ROTINA PRINCIPAL                            *
                      00424 ;* * * * * * * * * * * * * * * * * * * * * * * * * * * * * * * * * *
00A1                  00425 MAIN
                      00426         
                      00427         ;RESPONSÁVEL POR MANDAR AS LETRAS A SEREM EXPOSTAS
                      00428 
00A1   3048           00429         MOVLW   'H'                                     ;GUARDA AS LETRAS NO REGISTRADOR
00A2   00A2           00430         MOVWF   WRD     
                      00431         
00A3   2???           00432         CALL    COUNT_RESET                     ;NECESSÁRIO MANDAR A MSG 2 VEZES AO LCD
00A4   2???           00433         CALL    SEND_LCD1                       ;1 - PARTE MAIS SIGNIFICATIVA
00A5   2???           00434         CALL    W_1800US
00A6   2???           00435         CALL    COUNT_RESET     
00A7   2???           00436         CALL    SEND_LCD1                       ;2 - PARTE MENOS SIGNIFICATIVA
00A8   2???           00437         CALL    W_1800US
                      00438         ;SE ROTACIONAR MAIS UMA VEZ VOLTA AO NUMERO INICIAL (DESNCESSÁRIO [$])
                      00439 
00A9   3065           00440         MOVLW   'e'
00AA   00A2           00441         MOVWF   WRD
                      00442         
00AB   2???           00443         CALL    COUNT_RESET                     ;NECESSÁRIO MANDAR A MSG 2 VEZES AO LCD
00AC   2???           00444         CALL    SEND_LCD1                       ;1 - PARTE MAIS SIGNIFICATIVA
00AD   2???           00445         CALL    W_1800US
00AE   2???           00446         CALL    COUNT_RESET
00AF   2???           00447         CALL    SEND_LCD1                       ;2 - PARTE MENOS SIGNIFICATIVA
00B0   2???           00448         CALL    W_1800US        
                      00449 
00B1   306E           00450         MOVLW   'n'
00B2   00A2           00451         MOVWF   WRD
                      00452         
00B3   2???           00453         CALL    COUNT_RESET                     ;NECESSÁRIO MANDAR A MSG 2 VEZES AO LCD
00B4   2???           00454         CALL    SEND_LCD1                       ;1 - PARTE MAIS SIGNIFICATIVA
00B5   2???           00455         CALL    W_1800US
00B6   2???           00456         CALL    COUNT_RESET
00B7   2???           00457         CALL    SEND_LCD1                       ;2 - PARTE MENOS SIGNIFICATIVA
00B8   2???           00458         CALL    W_1800US
MPASM  5.51                           LCD.ASM   10-18-2017  10:54:41         PAGE 10


LOC  OBJECT CODE     LINE SOURCE TEXT
  VALUE

                      00459 
00B9   3072           00460         MOVLW   'r'
00BA   00A2           00461         MOVWF   WRD
                      00462         
00BB   2???           00463         CALL    COUNT_RESET                     ;NECESSÁRIO MANDAR A MSG 2 VEZES AO LCD
00BC   2???           00464         CALL    SEND_LCD1                       ;1 - PARTE MAIS SIGNIFICATIVA
00BD   2???           00465         CALL    W_1800US
00BE   2???           00466         CALL    COUNT_RESET
00BF   2???           00467         CALL    SEND_LCD1                       ;2 - PARTE MENOS SIGNIFICATIVA
00C0   2???           00468         CALL    W_1800US
                      00469 
00C1   3069           00470         MOVLW   'i'
00C2   00A2           00471         MOVWF   WRD
                      00472         
00C3   2???           00473         CALL    COUNT_RESET                     ;NECESSÁRIO MANDAR A MSG 2 VEZES AO LCD
00C4   2???           00474         CALL    SEND_LCD1                       ;1 - PARTE MAIS SIGNIFICATIVA
00C5   2???           00475         CALL    W_1800US
00C6   2???           00476         CALL    COUNT_RESET
00C7   2???           00477         CALL    SEND_LCD1                       ;2 - PARTE MENOS SIGNIFICATIVA
00C8   2???           00478         CALL    W_1800US
                      00479 
00C9   3071           00480         MOVLW   'q'
00CA   00A2           00481         MOVWF   WRD
                      00482         
00CB   2???           00483         CALL    COUNT_RESET                     ;NECESSÁRIO MANDAR A MSG 2 VEZES AO LCD
00CC   2???           00484         CALL    SEND_LCD1                       ;1 - PARTE MAIS SIGNIFICATIVA
00CD   2???           00485         CALL    W_1800US
00CE   2???           00486         CALL    COUNT_RESET
00CF   2???           00487         CALL    SEND_LCD1                       ;2 - PARTE MENOS SIGNIFICATIVA
00D0   2???           00488         CALL    W_1800US
                      00489 
00D1   3075           00490         MOVLW   'u'
00D2   00A2           00491         MOVWF   WRD
                      00492         
00D3   2???           00493         CALL    COUNT_RESET                     ;NECESSÁRIO MANDAR A MSG 2 VEZES AO LCD
00D4   2???           00494         CALL    SEND_LCD1                       ;1 - PARTE MAIS SIGNIFICATIVA
00D5   2???           00495         CALL    W_1800US
00D6   2???           00496         CALL    COUNT_RESET
00D7   2???           00497         CALL    SEND_LCD1                       ;2 - PARTE MENOS SIGNIFICATIVA
00D8   2???           00498         CALL    W_1800US
                      00499 
00D9   3065           00500         MOVLW   'e'
00DA   00A2           00501         MOVWF   WRD
                      00502         
00DB   2???           00503         CALL    COUNT_RESET                     ;NECESSÁRIO MANDAR A MSG 2 VEZES AO LCD
00DC   2???           00504         CALL    SEND_LCD1                       ;1 - PARTE MAIS SIGNIFICATIVA
00DD   2???           00505         CALL    W_1800US
00DE   2???           00506         CALL    COUNT_RESET
00DF   2???           00507         CALL    SEND_LCD1                       ;2 - PARTE MENOS SIGNIFICATIVA
00E0   2???           00508         CALL    W_1800US
                      00509         ;SE ROTACIONAR MAIS UMA VEZ VOLTA AO NUMERO INICIAL (DESNCESSÁRIO [S])
                      00510 
                      00511 
MPASM  5.51                           LCD.ASM   10-18-2017  10:54:41         PAGE 11


LOC  OBJECT CODE     LINE SOURCE TEXT
  VALUE

00E1                  00512 ESPERA
00E1   2???           00513         GOTO ESPERA
00E2   2???           00514         GOTO MAIN
                      00515 
                      00516 ;* * * * * * * * * * * * * * * * * * * * * * * * * * * * * * * * * *
                      00517 ;*                       FIM DO PROGRAMA                           *
                      00518 ;* * * * * * * * * * * * * * * * * * * * * * * * * * * * * * * * * *
                      00519 
3FA4                  00520         END
MPASM  5.51                           LCD.ASM   10-18-2017  10:54:41         PAGE 12


SYMBOL TABLE
  LABEL                             VALUE 

ADCON0                            0000001F
ADCS0                             00000004
ADCS1                             00000005
ADCS2                             00000006
ADFM                              00000007
ADIE                              00000006
ADIF                              00000006
ADON                              00000000
ADRESH                            0000001E
ADRESL                            0000009E
ANS0                              00000000
ANS1                              00000001
ANS2                              00000002
ANS3                              00000003
ANSEL                             0000009F
BANK0                             BCF STATUS,RP0
BANK1                             BSF STATUS,RP0
C                                 00000000
CAL0                              00000002
CAL1                              00000003
CAL2                              00000004
CAL3                              00000005
CAL4                              00000006
CAL5                              00000007
CHECK_FINAL0                      00000054
CHECK_FINAL1                      0000006A
CHS0                              00000002
CHS1                              00000003
CINV                              00000004
CIS                               00000003
CM0                               00000000
CM1                               00000001
CM2                               00000002
CMCON                             00000019
CMIE                              00000003
CMIF                              00000003
COUNT                             00000023
COUNT_RESET                       0000000F
COUT                              00000006
DC                                00000001
EEADR                             0000009B
EECON1                            0000009C
EECON2                            0000009D
EEDAT                             0000009A
EEDATA                            0000009A
EEIE                              00000007
EEIF                              00000007
ESPERA                            000000E1
F                                 00000001
FINAL_LCD0                        0000005A
FINAL_LCD1                        00000070
FSR                               00000004
GIE                               00000007
MPASM  5.51                           LCD.ASM   10-18-2017  10:54:41         PAGE 13


SYMBOL TABLE
  LABEL                             VALUE 

GO                                00000001
GO_DONE                           00000001
GO_NOT_DONE                       00000001
GP0                               00000000
GP1                               00000001
GP2                               00000002
GP3                               00000003
GP4                               00000004
GP5                               00000005
GPIE                              00000003
GPIF                              00000000
GPIO                              00000005
GPIO0                             00000000
GPIO1                             00000001
GPIO2                             00000002
GPIO3                             00000003
GPIO4                             00000004
GPIO5                             00000005
INDF                              00000000
INICIO                            00000094
INTCON                            0000000B
INTE                              00000004
INTEDG                            00000006
INTF                              00000001
IOC                               00000096
IOC0                              00000000
IOC1                              00000001
IOC2                              00000002
IOC3                              00000003
IOC4                              00000004
IOC5                              00000005
IOCB                              00000096
IOCB0                             00000000
IOCB1                             00000001
IOCB2                             00000002
IOCB3                             00000003
IOCB4                             00000004
IOCB5                             00000005
IRP                               00000007
LCD_EN                            GPIO,5
LIMPA_T0FLAG                      0000000C
MAIN                              000000A1
NOT_BOD                           00000000
NOT_BOR                           00000000
NOT_DONE                          00000001
NOT_GPPU                          00000007
NOT_PD                            00000003
NOT_POR                           00000001
NOT_T1SYNC                        00000002
NOT_TO                            00000004
OPTION_REG                        00000081
OSCCAL                            00000090
PCL                               00000002
MPASM  5.51                           LCD.ASM   10-18-2017  10:54:41         PAGE 14


SYMBOL TABLE
  LABEL                             VALUE 

PCLATH                            0000000A
PCON                              0000008E
PEIE                              00000006
PIE1                              0000008C
PIR1                              0000000C
PS0                               00000000
PS1                               00000001
PS2                               00000002
PSA                               00000003
RD                                00000000
RP0                               00000005
RP1                               00000006
SAI_INT                           00000007
SEND_LCD0                         0000004F
SEND_LCD1                         00000065
SETUP                             00000012
SR_CLK                            GPIO,0
SR_CLOCK                          0000004C
SR_DAT                            GPIO,4
SR_SET                            00000057
SR_SET1                           0000006D
STATUS                            00000003
STATUS_TEMP                       00000021
T0CS                              00000005
T0IE                              00000005
T0IF                              00000002
T0SE                              00000004
T1CKPS0                           00000004
T1CKPS1                           00000005
T1CON                             00000010
T1IE                              00000000
T1IF                              00000000
T1OSCEN                           00000003
TMR0                              00000001
TMR0IE                            00000005
TMR0IF                            00000002
TMR1                              0000000E
TMR1CS                            00000001
TMR1GE                            00000006
TMR1H                             0000000F
TMR1IE                            00000000
TMR1IF                            00000000
TMR1L                             0000000E
TMR1ON                            00000000
TRISIO                            00000085
TRISIO0                           00000000
TRISIO1                           00000001
TRISIO2                           00000002
TRISIO3                           00000003
TRISIO4                           00000004
TRISIO5                           00000005
VCFG                              00000006
VR0                               00000000
MPASM  5.51                           LCD.ASM   10-18-2017  10:54:41         PAGE 15


SYMBOL TABLE
  LABEL                             VALUE 

VR1                               00000001
VR2                               00000002
VR3                               00000003
VRCON                             00000099
VREN                              00000007
VRR                               00000005
W                                 00000000
WPU                               00000095
WPU0                              00000000
WPU1                              00000001
WPU2                              00000002
WPU4                              00000004
WPU5                              00000005
WR                                00000001
WRD                               00000022
WREN                              00000002
WRERR                             00000003
W_100US                           00000080
W_15MS                            0000008F
W_1800US                          00000083
W_1800USCHECK                     00000085
W_40CHECK                         0000007C
W_40US                            0000007A
W_4MS                             00000089
W_4MSCHECK                        0000008B
W_TEMP                            00000020
Z                                 00000002
_BODEN_OFF                        00003FBF
_BODEN_ON                         00003FFF
_BOREN_OFF                        00003FBF
_BOREN_ON                         00003FFF
_CONFIG                           00002007
_CPD_OFF                          00003FFF
_CPD_ON                           00003EFF
_CP_OFF                           00003FFF
_CP_ON                            00003F7F
_DEVID1                           00002006
_EC_OSC                           00003FFB
_EXTRC_OSC_CLKOUT                 00003FFF
_EXTRC_OSC_NOCLKOUT               00003FFE
_FOSC_EC                          00003FFB
_FOSC_EXTRCCLK                    00003FFF
_FOSC_EXTRCIO                     00003FFE
_FOSC_HS                          00003FFA
_FOSC_INTRCCLK                    00003FFD
_FOSC_INTRCIO                     00003FFC
_FOSC_LP                          00003FF8
_FOSC_XT                          00003FF9
_HS_OSC                           00003FFA
_IDLOC0                           00002000
_IDLOC1                           00002001
_IDLOC2                           00002002
_IDLOC3                           00002003
MPASM  5.51                           LCD.ASM   10-18-2017  10:54:41         PAGE 16


SYMBOL TABLE
  LABEL                             VALUE 

_INTRC_OSC_CLKOUT                 00003FFD
_INTRC_OSC_NOCLKOUT               00003FFC
_LP_OSC                           00003FF8
_MCLRE_OFF                        00003FDF
_MCLRE_ON                         00003FFF
_PWRTE_OFF                        00003FFF
_PWRTE_ON                         00003FEF
_WDTE_OFF                         00003FF7
_WDTE_ON                          00003FFF
_WDT_OFF                          00003FF7
_WDT_ON                           00003FFF
_XT_OSC                           00003FF9
__12F675                          00000001
__DEBUG                           1

Errors   :     0
Warnings :     0 reported,     0 suppressed
Messages :     5 reported,     0 suppressed

